
> socialpulse-backend@1.0.0 start
> node dist/server.js

Redis connected
PostgreSQL connected
Post scheduler initialized
🗑️  Media cleanup job scheduled (daily 02:00 UTC)
[AnalyticsSync] Daily sync cron initialized (02:00 UTC)
RSS auto-posting job initialized
Social listening job initialized
Unified inbox job initialized
node:events:502
      throw er; // Unhandled 'error' event
      ^

Error: listen EADDRINUSE: address already in use :::5000
    at Server.setupListenHandle [as _listen2] (node:net:1908:16)
    at listenInCluster (node:net:1965:12)
    at Server.listen (node:net:2067:7)
    at Function.listen (/opt/socialpulse/socialPulse-app/backend/node_modules/express/lib/application.js:635:24)
    at start (/opt/socialpulse/socialPulse-app/backend/dist/server.js:23:15)
    at process.processTicksAndRejections (node:internal/process/task_queues:95:5)
Emitted 'error' event on Server instance at:
    at emitErrorNT (node:net:1944:8)
    at process.processTicksAndRejections (node:internal/process/task_queues:82:21) {
  code: 'EADDRINUSE',
  errno: -98,
  syscall: 'listen',
  address: '::',
  port: 5000
}

Node.js v20.20.2

> socialpulse-backend@1.0.0 start
> node dist/server.js

Redis connected
PostgreSQL connected
Post scheduler initialized
🗑️  Media cleanup job scheduled (daily 02:00 UTC)
[AnalyticsSync] Daily sync cron initialized (02:00 UTC)
RSS auto-posting job initialized
Social listening job initialized
Unified inbox job initialized
node:events:502
      throw er; // Unhandled 'error' event
      ^

Error: listen EADDRINUSE: address already in use :::5000
    at Server.setupListenHandle [as _listen2] (node:net:1908:16)
    at listenInCluster (node:net:1965:12)
    at Server.listen (node:net:2067:7)
    at Function.listen (/opt/socialpulse/socialPulse-app/backend/node_modules/express/lib/application.js:635:24)
    at start (/opt/socialpulse/socialPulse-app/backend/dist/server.js:23:15)
    at process.processTicksAndRejections (node:internal/process/task_queues:95:5)
Emitted 'error' event on Server instance at:
    at emitErrorNT (node:net:1944:8)
    at process.processTicksAndRejections (node:internal/process/task_queues:82:21) {
  code: 'EADDRINUSE',
  errno: -98,
  syscall: 'listen',
  address: '::',
  port: 5000
}

Node.js v20.20.2
